Fri Dec 31 14:32:55 EET 2021 : Apache Derby Network Server - 10.11.1.2 - (1629631) started and ready to accept connections on port 1527
----------------------------------------------------------------
Fri Dec 31 14:32:56 EET 2021:
Booting Derby version The Apache Software Foundation - Apache Derby - 10.11.1.2 - (1629631): instance a816c00e-017e-107a-6829-ffffcdb9a15d 
on database directory C:\Users\ayaab\OneDrive\Desktop\ui 2\loginSingSelection\Database_tic_tack with class loader sun.misc.Launcher$AppClassLoader@6f94fa3e 
Loaded from file:/C:/Program%20Files/Java/jdk1.8.0_112/db/lib/derby.jar
java.vendor=Oracle Corporation
java.runtime.version=1.8.0_112-b15
user.dir=C:\Program Files\Java\jdk1.8.0_112\db
os.name=Windows 10
os.arch=amd64
os.version=10.0
derby.system.home=C:\Users\ayaab\OneDrive\Desktop\ui 2\loginSingSelection
Database Class Loader started - derby.database.classpath=''
----------------------------------------------------------------
Fri Dec 31 14:32:57 EET 2021:
Shutting down instance a816c00e-017e-107a-6829-ffffcdb9a15d on database directory C:\Users\ayaab\OneDrive\Desktop\ui 2\loginSingSelection\Database_tic_tack with class loader sun.misc.Launcher$AppClassLoader@6f94fa3e 
Fri Dec 31 14:32:57 EET 2021 Thread[DRDAConnThread_3,5,main] (DATABASE = Database_tic_tack), (DRDAID = {2}), Database 'Database_tic_tack' shutdown.
----------------------------------------------------------------
Fri Dec 31 14:33:30 EET 2021:
Booting Derby version The Apache Software Foundation - Apache Derby - 10.11.1.2 - (1629631): instance a65c80ac-017e-107a-6829-ffffcdb9a15d 
on database directory C:\Users\ayaab\OneDrive\Desktop\ui 2\loginSingSelection\Database_tic_tack with class loader sun.misc.Launcher$AppClassLoader@6f94fa3e 
Loaded from file:/C:/Program%20Files/Java/jdk1.8.0_112/db/lib/derby.jar
java.vendor=Oracle Corporation
java.runtime.version=1.8.0_112-b15
user.dir=C:\Program Files\Java\jdk1.8.0_112\db
os.name=Windows 10
os.arch=amd64
os.version=10.0
derby.system.home=C:\Users\ayaab\OneDrive\Desktop\ui 2\loginSingSelection
Database Class Loader started - derby.database.classpath=''
